<?xml version="1.0" encoding="UTF-8"?>
<coverage generated="1777849559873" clover="3.2.0">
  <project timestamp="1777849559873" name="All files">
    <metrics statements="23" coveredstatements="23" conditionals="12" coveredconditionals="10" methods="5" coveredmethods="5" elements="40" coveredelements="38" complexity="0" loc="23" ncloc="23" packages="1" files="1" classes="1"/>
    <file name="LoginForm.tsx" path="/app/src/components/auth/LoginForm.tsx">
      <metrics statements="23" coveredstatements="23" conditionals="12" coveredconditionals="10" methods="5" coveredmethods="5"/>
      <line num="3" count="1" type="stmt"/>
      <line num="4" count="1" type="stmt"/>
      <line num="10" count="1" type="stmt"/>
      <line num="11" count="20" type="stmt"/>
      <line num="12" count="20" type="stmt"/>
      <line num="13" count="20" type="stmt"/>
      <line num="14" count="20" type="stmt"/>
      <line num="16" count="20" type="stmt"/>
      <line num="17" count="3" type="stmt"/>
      <line num="18" count="3" type="stmt"/>
      <line num="19" count="3" type="stmt"/>
      <line num="21" count="3" type="stmt"/>
      <line num="22" count="3" type="stmt"/>
      <line num="23" count="1" type="stmt"/>
      <line num="24" count="1" type="cond" truecount="3" falsecount="1"/>
      <line num="26" count="1" type="stmt"/>
      <line num="27" count="1" type="stmt"/>
      <line num="31" count="20" type="cond" truecount="2" falsecount="0"/>
      <line num="32" count="4" type="stmt"/>
      <line num="35" count="2" type="cond" truecount="1" falsecount="1"/>
      <line num="40" count="16" type="stmt"/>
      <line num="48" count="3" type="stmt"/>
      <line num="59" count="3" type="stmt"/>
    </file>
  </project>
</coverage>
