{"/app/src/components/auth/LoginForm.tsx": {"path":"/app/src/components/auth/LoginForm.tsx","statementMap":{"0":{"start":{"line":10,"column":0},"end":{"line":10,"column":16}},"1":{"start":{"line":3,"column":0},"end":{"line":3,"column":33}},"2":{"start":{"line":4,"column":0},"end":{"line":4,"column":53}},"3":{"start":{"line":11,"column":28},"end":{"line":11,"column":40}},"4":{"start":{"line":12,"column":34},"end":{"line":12,"column":46}},"5":{"start":{"line":13,"column":28},"end":{"line":13,"column":40}},"6":{"start":{"line":14,"column":32},"end":{"line":14,"column":47}},"7":{"start":{"line":16,"column":23},"end":{"line":29,"column":3}},"8":{"start":{"line":17,"column":4},"end":{"line":17,"column":23}},"9":{"start":{"line":18,"column":4},"end":{"line":18,"column":17}},"10":{"start":{"line":19,"column":4},"end":{"line":19,"column":21}},"11":{"start":{"line":21,"column":4},"end":{"line":28,"column":5}},"12":{"start":{"line":22,"column":6},"end":{"line":22,"column":39}},"13":{"start":{"line":23,"column":6},"end":{"line":23,"column":24}},"14":{"start":{"line":24,"column":6},"end":{"line":24,"column":25}},"15":{"start":{"line":26,"column":6},"end":{"line":26,"column":44}},"16":{"start":{"line":27,"column":6},"end":{"line":27,"column":24}},"17":{"start":{"line":31,"column":2},"end":{"line":38,"column":3}},"18":{"start":{"line":32,"column":4},"end":{"line":37,"column":6}},"19":{"start":{"line":35,"column":33},"end":{"line":35,"column":42}},"20":{"start":{"line":35,"column":43},"end":{"line":35,"column":103}},"21":{"start":{"line":35,"column":78},"end":{"line":35,"column":103}},"22":{"start":{"line":40,"column":2},"end":{"line":69,"column":4}},"23":{"start":{"line":48,"column":27},"end":{"line":48,"column":51}},"24":{"start":{"line":59,"column":27},"end":{"line":59,"column":54}}},"fnMap":{"0":{"name":"LoginForm","decl":{"start":{"line":10,"column":16},"end":{"line":10,"column":25}},"loc":{"start":{"line":10,"column":60},"end":{"line":70,"column":1}}},"1":{"name":"(anonymous_1)","decl":{"start":{"line":16,"column":23},"end":{"line":16,"column":28}},"loc":{"start":{"line":16,"column":52},"end":{"line":29,"column":3}}},"2":{"name":"(anonymous_2)","decl":{"start":{"line":35,"column":25},"end":{"line":35,"column":28}},"loc":{"start":{"line":35,"column":30},"end":{"line":35,"column":105}}},"3":{"name":"(anonymous_3)","decl":{"start":{"line":48,"column":20},"end":{"line":48,"column":21}},"loc":{"start":{"line":48,"column":27},"end":{"line":48,"column":51}}},"4":{"name":"(anonymous_4)","decl":{"start":{"line":59,"column":20},"end":{"line":59,"column":21}},"loc":{"start":{"line":59,"column":27},"end":{"line":59,"column":54}}}},"branchMap":{"0":{"loc":{"start":{"line":24,"column":6},"end":{"line":24,"column":24}},"type":"cond-expr","locations":[{"start":{"line":24,"column":20},"end":{"line":24,"column":24}},{"start":{"line":24,"column":6},"end":{"line":24,"column":24}}]},"1":{"loc":{"start":{"line":24,"column":6},"end":{"line":24,"column":24}},"type":"binary-expr","locations":[{"start":{"line":24,"column":6},"end":{"line":24,"column":24}},{"start":{"line":24,"column":6},"end":{"line":24,"column":24}}]},"2":{"loc":{"start":{"line":31,"column":2},"end":{"line":38,"column":3}},"type":"if","locations":[{"start":{"line":31,"column":2},"end":{"line":38,"column":3}},{"start":{},"end":{}}]},"3":{"loc":{"start":{"line":35,"column":43},"end":{"line":35,"column":103}},"type":"if","locations":[{"start":{"line":35,"column":43},"end":{"line":35,"column":103}},{"start":{},"end":{}}]},"4":{"loc":{"start":{"line":64,"column":7},"end":{"line":64,"column":58}},"type":"binary-expr","locations":[{"start":{"line":64,"column":7},"end":{"line":64,"column":12}},{"start":{"line":64,"column":16},"end":{"line":64,"column":58}}]},"5":{"loc":{"start":{"line":66,"column":9},"end":{"line":66,"column":44}},"type":"cond-expr","locations":[{"start":{"line":66,"column":19},"end":{"line":66,"column":34}},{"start":{"line":66,"column":37},"end":{"line":66,"column":44}}]}},"s":{"0":1,"1":1,"2":1,"3":20,"4":20,"5":20,"6":20,"7":20,"8":3,"9":3,"10":3,"11":3,"12":3,"13":1,"14":1,"15":1,"16":1,"17":20,"18":4,"19":2,"20":2,"21":2,"22":16,"23":3,"24":3},"f":{"0":20,"1":3,"2":2,"3":3,"4":3},"b":{"0":[0,1],"1":[1,1],"2":[4,16],"3":[2,0],"4":[16,1],"5":[3,13]}}
}
