TN:
SF:src/components/auth/LoginForm.tsx
FN:10,LoginForm
FN:16,(anonymous_1)
FN:35,(anonymous_2)
FN:48,(anonymous_3)
FN:59,(anonymous_4)
FNF:5
FNH:5
FNDA:20,LoginForm
FNDA:3,(anonymous_1)
FNDA:2,(anonymous_2)
FNDA:3,(anonymous_3)
FNDA:3,(anonymous_4)
DA:3,1
DA:4,1
DA:10,1
DA:11,20
DA:12,20
DA:13,20
DA:14,20
DA:16,20
DA:17,3
DA:18,3
DA:19,3
DA:21,3
DA:22,3
DA:23,1
DA:24,1
DA:26,1
DA:27,1
DA:31,20
DA:32,4
DA:35,2
DA:40,16
DA:48,3
DA:59,3
LF:23
LH:23
BRDA:24,0,0,0
BRDA:24,0,1,1
BRDA:24,1,0,1
BRDA:24,1,1,1
BRDA:31,2,0,4
BRDA:31,2,1,16
BRDA:35,3,0,2
BRDA:35,3,1,0
BRDA:64,4,0,16
BRDA:64,4,1,1
BRDA:66,5,0,3
BRDA:66,5,1,13
BRF:12
BRH:10
end_of_record
